Last login: Tue Mar 17 22:08:06 on ttys001
(base) Dans-MacBook-Air:lambdata-pkg-danoand danoand$ docker build . -t lambdata_pkg_image
Sending build context to Docker daemon  141.3kB
Step 1/13 : FROM debian
 ---> 971452c94376
Step 2/13 : ENV PYTHONUNBUFFERED=1
 ---> Using cache
 ---> 787431479252
Step 3/13 : ENV LC_ALL=C.UTF-8
 ---> Using cache
 ---> ab919dd22acf
Step 4/13 : ENV LANG=C.UTF-8
 ---> Using cache
 ---> 192fc32063ae
Step 5/13 : ENV SHELL=/bin/bash
 ---> Using cache
 ---> 7b7e7cca7b4f
Step 6/13 : RUN apt-get update
 ---> Using cache
 ---> acfaba20af06
Step 7/13 : RUN apt-get upgrade
 ---> Using cache
 ---> a6733971d496
Step 8/13 : RUN apt-get install python3-pip curl wget -y
 ---> Running in 5b645e687e0b
Reading package lists...
Building dependency tree...
Reading state information...
The following additional packages will be installed:
  binutils binutils-common binutils-x86-64-linux-gnu build-essential bzip2
  ca-certificates cpp cpp-8 dbus dh-python dirmngr dpkg-dev fakeroot file g++
  g++-8 gcc gcc-8 gir1.2-glib-2.0 gnupg gnupg-l10n gnupg-utils gpg gpg-agent
  gpg-wks-client gpg-wks-server gpgconf gpgsm krb5-locales
  libalgorithm-diff-perl libalgorithm-diff-xs-perl libalgorithm-merge-perl
  libapparmor1 libasan5 libassuan0 libatomic1 libbinutils libc-dev-bin
  libc6-dev libcc1-0 libcurl4 libdbus-1-3 libdpkg-perl libexpat1 libexpat1-dev
  libfakeroot libfile-fcntllock-perl libgcc-8-dev libgdbm-compat4 libgdbm6
  libgirepository-1.0-1 libglib2.0-0 libglib2.0-data libgomp1 libgssapi-krb5-2
  libicu63 libisl19 libitm1 libk5crypto3 libkeyutils1 libkrb5-3
  libkrb5support0 libksba8 libldap-2.4-2 libldap-common liblocale-gettext-perl
  liblsan0 libmagic-mgc libmagic1 libmpc3 libmpdec2 libmpfr6 libmpx2
  libnghttp2-14 libnpth0 libpcre2-8-0 libperl5.28 libpsl5 libpython3-dev
  libpython3-stdlib libpython3.7 libpython3.7-dev libpython3.7-minimal
  libpython3.7-stdlib libquadmath0 libreadline7 librtmp1 libsasl2-2
  libsasl2-modules libsasl2-modules-db libsqlite3-0 libssh2-1 libssl1.1
  libstdc++-8-dev libtsan0 libubsan1 libxml2 linux-libc-dev lsb-base make
  manpages manpages-dev mime-support netbase openssl patch perl
  perl-modules-5.28 pinentry-curses publicsuffix python-pip-whl python3
  python3-asn1crypto python3-cffi-backend python3-crypto python3-cryptography
  python3-dbus python3-dev python3-distutils python3-entrypoints python3-gi
  python3-keyring python3-keyrings.alt python3-lib2to3 python3-minimal
  python3-pkg-resources python3-secretstorage python3-setuptools python3-six
  python3-wheel python3-xdg python3.7 python3.7-dev python3.7-minimal
  readline-common shared-mime-info xdg-user-dirs xz-utils
Suggested packages:
  binutils-doc bzip2-doc cpp-doc gcc-8-locales default-dbus-session-bus
  | dbus-session-bus dbus-user-session libpam-systemd pinentry-gnome3 tor
  debian-keyring g++-multilib g++-8-multilib gcc-8-doc libstdc++6-8-dbg
  gcc-multilib autoconf automake libtool flex bison gdb gcc-doc gcc-8-multilib
  libgcc1-dbg libgomp1-dbg libitm1-dbg libatomic1-dbg libasan5-dbg
  liblsan0-dbg libtsan0-dbg libubsan1-dbg libmpx2-dbg libquadmath0-dbg
  parcimonie xloadimage scdaemon glibc-doc sensible-utils git bzr gdbm-l10n
  krb5-doc krb5-user libsasl2-modules-gssapi-mit
  | libsasl2-modules-gssapi-heimdal libsasl2-modules-ldap libsasl2-modules-otp
  libsasl2-modules-sql libstdc++-8-doc make-doc man-browser ed diffutils-doc
  perl-doc libterm-readline-gnu-perl | libterm-readline-perl-perl
  libb-debug-perl liblocale-codes-perl pinentry-doc python3-doc python3-tk
  python3-venv python-crypto-doc python-cryptography-doc
  python3-cryptography-vectors python-dbus-doc python3-dbus-dbg gnome-keyring
  libkf5wallet-bin gir1.2-gnomekeyring-1.0 python-secretstorage-doc
  python-setuptools-doc python3.7-venv python3.7-doc binfmt-support
  readline-doc
The following NEW packages will be installed:
  binutils binutils-common binutils-x86-64-linux-gnu build-essential bzip2
  ca-certificates cpp cpp-8 curl dbus dh-python dirmngr dpkg-dev fakeroot file
  g++ g++-8 gcc gcc-8 gir1.2-glib-2.0 gnupg gnupg-l10n gnupg-utils gpg
  gpg-agent gpg-wks-client gpg-wks-server gpgconf gpgsm krb5-locales
  libalgorithm-diff-perl libalgorithm-diff-xs-perl libalgorithm-merge-perl
  libapparmor1 libasan5 libassuan0 libatomic1 libbinutils libc-dev-bin
  libc6-dev libcc1-0 libcurl4 libdbus-1-3 libdpkg-perl libexpat1 libexpat1-dev
  libfakeroot libfile-fcntllock-perl libgcc-8-dev libgdbm-compat4 libgdbm6
  libgirepository-1.0-1 libglib2.0-0 libglib2.0-data libgomp1 libgssapi-krb5-2
  libicu63 libisl19 libitm1 libk5crypto3 libkeyutils1 libkrb5-3
  libkrb5support0 libksba8 libldap-2.4-2 libldap-common liblocale-gettext-perl
  liblsan0 libmagic-mgc libmagic1 libmpc3 libmpdec2 libmpfr6 libmpx2
  libnghttp2-14 libnpth0 libpcre2-8-0 libperl5.28 libpsl5 libpython3-dev
  libpython3-stdlib libpython3.7 libpython3.7-dev libpython3.7-minimal
  libpython3.7-stdlib libquadmath0 libreadline7 librtmp1 libsasl2-2
  libsasl2-modules libsasl2-modules-db libsqlite3-0 libssh2-1 libssl1.1
  libstdc++-8-dev libtsan0 libubsan1 libxml2 linux-libc-dev lsb-base make
  manpages manpages-dev mime-support netbase openssl patch perl
  perl-modules-5.28 pinentry-curses publicsuffix python-pip-whl python3
  python3-asn1crypto python3-cffi-backend python3-crypto python3-cryptography
  python3-dbus python3-dev python3-distutils python3-entrypoints python3-gi
  python3-keyring python3-keyrings.alt python3-lib2to3 python3-minimal
  python3-pip python3-pkg-resources python3-secretstorage python3-setuptools
  python3-six python3-wheel python3-xdg python3.7 python3.7-dev
  python3.7-minimal readline-common shared-mime-info wget xdg-user-dirs
  xz-utils
0 upgraded, 141 newly installed, 0 to remove and 0 not upgraded.
Need to get 144 MB of archives.
After this operation, 454 MB of additional disk space will be used.
Get:1 http://deb.debian.org/debian buster/main amd64 perl-modules-5.28 all 5.28.1-6 [2873 kB]
Get:2 http://security-cdn.debian.org/debian-security buster/updates/main amd64 libcurl4 amd64 7.64.0-4+deb10u1 [331 kB]
Get:4 http://deb.debian.org/debian buster/main amd64 libgdbm6 amd64 1.18.1-4 [64.7 kB]
Get:5 http://deb.debian.org/debian buster/main amd64 libgdbm-compat4 amd64 1.18.1-4 [44.1 kB]
Get:6 http://deb.debian.org/debian buster/main amd64 libperl5.28 amd64 5.28.1-6 [3883 kB]
Get:3 http://security-cdn.debian.org/debian-security buster/updates/main amd64 curl amd64 7.64.0-4+deb10u1 [264 kB]
Get:7 http://deb.debian.org/debian buster/main amd64 perl amd64 5.28.1-6 [204 kB]
Get:8 http://deb.debian.org/debian buster/main amd64 liblocale-gettext-perl amd64 1.07-3+b4 [18.9 kB]
Get:9 http://deb.debian.org/debian buster/main amd64 libssl1.1 amd64 1.1.1d-0+deb10u2 [1538 kB]
Get:10 http://deb.debian.org/debian buster/main amd64 libpython3.7-minimal amd64 3.7.3-2+deb10u1 [589 kB]
Get:11 http://deb.debian.org/debian buster/main amd64 libexpat1 amd64 2.2.6-2+deb10u1 [106 kB]
Get:12 http://deb.debian.org/debian buster/main amd64 python3.7-minimal amd64 3.7.3-2+deb10u1 [1736 kB]
Get:13 http://deb.debian.org/debian buster/main amd64 python3-minimal amd64 3.7.3-1 [36.6 kB]
Get:14 http://deb.debian.org/debian buster/main amd64 mime-support all 3.62 [37.2 kB]
Get:15 http://deb.debian.org/debian buster/main amd64 libmpdec2 amd64 2.4.2-2 [87.2 kB]
Get:16 http://deb.debian.org/debian buster/main amd64 readline-common all 7.0-5 [70.6 kB]
Get:17 http://deb.debian.org/debian buster/main amd64 libreadline7 amd64 7.0-5 [151 kB]
Get:18 http://deb.debian.org/debian buster/main amd64 libsqlite3-0 amd64 3.27.2-3 [641 kB]
Get:19 http://deb.debian.org/debian buster/main amd64 libpython3.7-stdlib amd64 3.7.3-2+deb10u1 [1734 kB]
Get:20 http://deb.debian.org/debian buster/main amd64 python3.7 amd64 3.7.3-2+deb10u1 [330 kB]
Get:21 http://deb.debian.org/debian buster/main amd64 libpython3-stdlib amd64 3.7.3-1 [20.0 kB]
Get:22 http://deb.debian.org/debian buster/main amd64 python3 amd64 3.7.3-1 [61.5 kB]
Get:23 http://deb.debian.org/debian buster/main amd64 netbase all 5.6 [19.4 kB]
Get:24 http://deb.debian.org/debian buster/main amd64 bzip2 amd64 1.0.6-9.2~deb10u1 [48.4 kB]
Get:25 http://deb.debian.org/debian buster/main amd64 libapparmor1 amd64 2.13.2-10 [94.7 kB]
Get:26 http://deb.debian.org/debian buster/main amd64 libdbus-1-3 amd64 1.12.16-1 [214 kB]
Get:27 http://deb.debian.org/debian buster/main amd64 dbus amd64 1.12.16-1 [235 kB]
Get:28 http://deb.debian.org/debian buster/main amd64 libmagic-mgc amd64 1:5.35-4+deb10u1 [242 kB]
Get:29 http://deb.debian.org/debian buster/main amd64 libmagic1 amd64 1:5.35-4+deb10u1 [117 kB]
Get:30 http://deb.debian.org/debian buster/main amd64 file amd64 1:5.35-4+deb10u1 [66.4 kB]
Get:31 http://deb.debian.org/debian buster/main amd64 krb5-locales all 1.17-3 [95.4 kB]
Get:32 http://deb.debian.org/debian buster/main amd64 manpages all 4.16-2 [1295 kB]
Get:33 http://deb.debian.org/debian buster/main amd64 libpcre2-8-0 amd64 10.32-5 [213 kB]
Get:34 http://deb.debian.org/debian buster/main amd64 libpsl5 amd64 0.20.2-2 [53.7 kB]
Get:35 http://deb.debian.org/debian buster/main amd64 wget amd64 1.20.1-1.1 [902 kB]
Get:36 http://deb.debian.org/debian buster/main amd64 xz-utils amd64 5.2.4-1 [183 kB]
Get:37 http://deb.debian.org/debian buster/main amd64 binutils-common amd64 2.31.1-16 [2073 kB]
Get:38 http://deb.debian.org/debian buster/main amd64 libbinutils amd64 2.31.1-16 [478 kB]
Get:39 http://deb.debian.org/debian buster/main amd64 binutils-x86-64-linux-gnu amd64 2.31.1-16 [1823 kB]
Get:40 http://deb.debian.org/debian buster/main amd64 binutils amd64 2.31.1-16 [56.8 kB]
Get:41 http://deb.debian.org/debian buster/main amd64 libc-dev-bin amd64 2.28-10 [275 kB]
Get:42 http://deb.debian.org/debian buster/main amd64 linux-libc-dev amd64 4.19.98-1 [1314 kB]
Get:43 http://deb.debian.org/debian buster/main amd64 libc6-dev amd64 2.28-10 [2691 kB]
Get:44 http://deb.debian.org/debian buster/main amd64 libisl19 amd64 0.20-2 [587 kB]
Get:45 http://deb.debian.org/debian buster/main amd64 libmpfr6 amd64 4.0.2-1 [775 kB]
Get:46 http://deb.debian.org/debian buster/main amd64 libmpc3 amd64 1.1.0-1 [41.3 kB]
Get:47 http://deb.debian.org/debian buster/main amd64 cpp-8 amd64 8.3.0-6 [8914 kB]
Get:48 http://deb.debian.org/debian buster/main amd64 cpp amd64 4:8.3.0-1 [19.4 kB]
Get:49 http://deb.debian.org/debian buster/main amd64 libcc1-0 amd64 8.3.0-6 [46.6 kB]
Get:50 http://deb.debian.org/debian buster/main amd64 libgomp1 amd64 8.3.0-6 [75.8 kB]
Get:51 http://deb.debian.org/debian buster/main amd64 libitm1 amd64 8.3.0-6 [27.7 kB]
Get:52 http://deb.debian.org/debian buster/main amd64 libatomic1 amd64 8.3.0-6 [9032 B]
Get:53 http://deb.debian.org/debian buster/main amd64 libasan5 amd64 8.3.0-6 [362 kB]
Get:54 http://deb.debian.org/debian buster/main amd64 liblsan0 amd64 8.3.0-6 [131 kB]
Get:55 http://deb.debian.org/debian buster/main amd64 libtsan0 amd64 8.3.0-6 [283 kB]
Get:56 http://deb.debian.org/debian buster/main amd64 libubsan1 amd64 8.3.0-6 [120 kB]
Get:57 http://deb.debian.org/debian buster/main amd64 libmpx2 amd64 8.3.0-6 [11.4 kB]
Get:58 http://deb.debian.org/debian buster/main amd64 libquadmath0 amd64 8.3.0-6 [133 kB]
Get:59 http://deb.debian.org/debian buster/main amd64 libgcc-8-dev amd64 8.3.0-6 [2298 kB]
Get:60 http://deb.debian.org/debian buster/main amd64 gcc-8 amd64 8.3.0-6 [9452 kB]
Get:61 http://deb.debian.org/debian buster/main amd64 gcc amd64 4:8.3.0-1 [5196 B]
Get:62 http://deb.debian.org/debian buster/main amd64 libstdc++-8-dev amd64 8.3.0-6 [1532 kB]
Get:63 http://deb.debian.org/debian buster/main amd64 g++-8 amd64 8.3.0-6 [9752 kB]
Get:64 http://deb.debian.org/debian buster/main amd64 g++ amd64 4:8.3.0-1 [1644 B]
Get:65 http://deb.debian.org/debian buster/main amd64 make amd64 4.2.1-1.2 [341 kB]
Get:66 http://deb.debian.org/debian buster/main amd64 libdpkg-perl all 1.19.7 [1414 kB]
Get:67 http://deb.debian.org/debian buster/main amd64 patch amd64 2.7.6-3+deb10u1 [126 kB]
Get:68 http://deb.debian.org/debian buster/main amd64 dpkg-dev all 1.19.7 [1773 kB]
Get:69 http://deb.debian.org/debian buster/main amd64 build-essential amd64 12.6 [7576 B]
Get:70 http://deb.debian.org/debian buster/main amd64 openssl amd64 1.1.1d-0+deb10u2 [843 kB]
Get:71 http://deb.debian.org/debian buster/main amd64 ca-certificates all 20190110 [157 kB]
Get:72 http://deb.debian.org/debian buster/main amd64 libkeyutils1 amd64 1.6-6 [15.0 kB]
Get:73 http://deb.debian.org/debian buster/main amd64 libkrb5support0 amd64 1.17-3 [65.6 kB]
Get:74 http://deb.debian.org/debian buster/main amd64 libk5crypto3 amd64 1.17-3 [121 kB]
Get:75 http://deb.debian.org/debian buster/main amd64 libkrb5-3 amd64 1.17-3 [370 kB]
Get:76 http://deb.debian.org/debian buster/main amd64 libgssapi-krb5-2 amd64 1.17-3 [158 kB]
Get:77 http://deb.debian.org/debian buster/main amd64 libsasl2-modules-db amd64 2.1.27+dfsg-1+deb10u1 [69.1 kB]
Get:78 http://deb.debian.org/debian buster/main amd64 libsasl2-2 amd64 2.1.27+dfsg-1+deb10u1 [106 kB]
Get:79 http://deb.debian.org/debian buster/main amd64 libldap-common all 2.4.47+dfsg-3+deb10u1 [89.6 kB]
Get:80 http://deb.debian.org/debian buster/main amd64 libldap-2.4-2 amd64 2.4.47+dfsg-3+deb10u1 [225 kB]
Get:81 http://deb.debian.org/debian buster/main amd64 libnghttp2-14 amd64 1.36.0-2+deb10u1 [85.0 kB]
Get:82 http://deb.debian.org/debian buster/main amd64 librtmp1 amd64 2.4+20151223.gitfa8646d.1-2 [60.5 kB]
Get:83 http://deb.debian.org/debian buster/main amd64 libssh2-1 amd64 1.8.0-2.1 [140 kB]
Get:84 http://deb.debian.org/debian buster/main amd64 python3-lib2to3 all 3.7.3-1 [76.7 kB]
Get:85 http://deb.debian.org/debian buster/main amd64 python3-distutils all 3.7.3-1 [142 kB]
Get:86 http://deb.debian.org/debian buster/main amd64 dh-python all 3.20190308 [99.3 kB]
Get:87 http://deb.debian.org/debian buster/main amd64 libassuan0 amd64 2.5.2-1 [49.4 kB]
Get:88 http://deb.debian.org/debian buster/main amd64 gpgconf amd64 2.2.12-1+deb10u1 [510 kB]
Get:89 http://deb.debian.org/debian buster/main amd64 lsb-base all 10.2019051400 [28.4 kB]
Get:90 http://deb.debian.org/debian buster/main amd64 libksba8 amd64 1.3.5-2 [99.7 kB]
Get:91 http://deb.debian.org/debian buster/main amd64 libnpth0 amd64 1.6-1 [18.4 kB]
Get:92 http://deb.debian.org/debian buster/main amd64 dirmngr amd64 2.2.12-1+deb10u1 [712 kB]
Get:93 http://deb.debian.org/debian buster/main amd64 libfakeroot amd64 1.23-1 [45.9 kB]
Get:94 http://deb.debian.org/debian buster/main amd64 fakeroot amd64 1.23-1 [85.8 kB]
Get:95 http://deb.debian.org/debian buster/main amd64 libglib2.0-0 amd64 2.58.3-2+deb10u2 [1258 kB]
Get:96 http://deb.debian.org/debian buster/main amd64 libgirepository-1.0-1 amd64 1.58.3-2 [92.8 kB]
Get:97 http://deb.debian.org/debian buster/main amd64 gir1.2-glib-2.0 amd64 1.58.3-2 [143 kB]
Get:98 http://deb.debian.org/debian buster/main amd64 gnupg-l10n all 2.2.12-1+deb10u1 [1010 kB]
Get:99 http://deb.debian.org/debian buster/main amd64 gnupg-utils amd64 2.2.12-1+deb10u1 [861 kB]
Get:100 http://deb.debian.org/debian buster/main amd64 gpg amd64 2.2.12-1+deb10u1 [865 kB]
Get:101 http://deb.debian.org/debian buster/main amd64 pinentry-curses amd64 1.1.0-2 [64.5 kB]
Get:102 http://deb.debian.org/debian buster/main amd64 gpg-agent amd64 2.2.12-1+deb10u1 [617 kB]
Get:103 http://deb.debian.org/debian buster/main amd64 gpg-wks-client amd64 2.2.12-1+deb10u1 [485 kB]
Get:104 http://deb.debian.org/debian buster/main amd64 gpg-wks-server amd64 2.2.12-1+deb10u1 [478 kB]
Get:105 http://deb.debian.org/debian buster/main amd64 gpgsm amd64 2.2.12-1+deb10u1 [604 kB]
Get:106 http://deb.debian.org/debian buster/main amd64 gnupg all 2.2.12-1+deb10u1 [715 kB]
Get:107 http://deb.debian.org/debian buster/main amd64 libalgorithm-diff-perl all 1.19.03-2 [47.9 kB]
Get:108 http://deb.debian.org/debian buster/main amd64 libalgorithm-diff-xs-perl amd64 0.04-5+b1 [11.8 kB]
Get:109 http://deb.debian.org/debian buster/main amd64 libalgorithm-merge-perl all 0.08-3 [12.7 kB]
Get:110 http://deb.debian.org/debian buster/main amd64 libexpat1-dev amd64 2.2.6-2+deb10u1 [153 kB]
Get:111 http://deb.debian.org/debian buster/main amd64 libfile-fcntllock-perl amd64 0.22-3+b5 [35.4 kB]
Get:112 http://deb.debian.org/debian buster/main amd64 libglib2.0-data all 2.58.3-2+deb10u2 [1110 kB]
Get:113 http://deb.debian.org/debian buster/main amd64 libicu63 amd64 63.1-6 [8292 kB]
Get:114 http://deb.debian.org/debian buster/main amd64 libpython3.7 amd64 3.7.3-2+deb10u1 [1498 kB]
Get:115 http://deb.debian.org/debian buster/main amd64 libpython3.7-dev amd64 3.7.3-2+deb10u1 [48.4 MB]
Get:116 http://deb.debian.org/debian buster/main amd64 libpython3-dev amd64 3.7.3-1 [20.1 kB]
Get:117 http://deb.debian.org/debian buster/main amd64 libsasl2-modules amd64 2.1.27+dfsg-1+deb10u1 [104 kB]
Get:118 http://deb.debian.org/debian buster/main amd64 libxml2 amd64 2.9.4+dfsg1-7+b3 [687 kB]
Get:119 http://deb.debian.org/debian buster/main amd64 manpages-dev all 4.16-2 [2232 kB]
Get:120 http://deb.debian.org/debian buster/main amd64 publicsuffix all 20190415.1030-1 [116 kB]
Get:121 http://deb.debian.org/debian buster/main amd64 python-pip-whl all 18.1-5 [1591 kB]
Get:122 http://deb.debian.org/debian buster/main amd64 python3-asn1crypto all 0.24.0-1 [78.2 kB]
Get:123 http://deb.debian.org/debian buster/main amd64 python3-cffi-backend amd64 1.12.2-1 [79.7 kB]
Get:124 http://deb.debian.org/debian buster/main amd64 python3-crypto amd64 2.6.1-9+b1 [263 kB]
Get:125 http://deb.debian.org/debian buster/main amd64 python3-six all 1.12.0-1 [15.7 kB]
Get:126 http://deb.debian.org/debian buster/main amd64 python3-cryptography amd64 2.6.1-3+deb10u2 [219 kB]
Get:127 http://deb.debian.org/debian buster/main amd64 python3-dbus amd64 1.2.8-3 [103 kB]
Get:128 http://deb.debian.org/debian buster/main amd64 python3.7-dev amd64 3.7.3-2+deb10u1 [510 kB]
Get:129 http://deb.debian.org/debian buster/main amd64 python3-dev amd64 3.7.3-1 [1264 B]
Get:130 http://deb.debian.org/debian buster/main amd64 python3-entrypoints all 0.3-1 [5508 B]
Get:131 http://deb.debian.org/debian buster/main amd64 python3-gi amd64 3.30.4-1 [180 kB]
Get:132 http://deb.debian.org/debian buster/main amd64 python3-secretstorage all 2.3.1-2 [14.2 kB]
Get:133 http://deb.debian.org/debian buster/main amd64 python3-keyring all 17.1.1-1 [43.1 kB]
Get:134 http://deb.debian.org/debian buster/main amd64 python3-keyrings.alt all 3.1.1-1 [18.2 kB]
Get:135 http://deb.debian.org/debian buster/main amd64 python3-pip all 18.1-5 [171 kB]
Get:136 http://deb.debian.org/debian buster/main amd64 python3-pkg-resources all 40.8.0-1 [153 kB]
Get:137 http://deb.debian.org/debian buster/main amd64 python3-setuptools all 40.8.0-1 [306 kB]
Get:138 http://deb.debian.org/debian buster/main amd64 python3-wheel all 0.32.3-2 [19.4 kB]
Get:139 http://deb.debian.org/debian buster/main amd64 python3-xdg all 0.25-5 [35.9 kB]
Get:140 http://deb.debian.org/debian buster/main amd64 shared-mime-info amd64 1.10-1 [766 kB]
Get:141 http://deb.debian.org/debian buster/main amd64 xdg-user-dirs amd64 0.17-2 [53.8 kB]
debconf: delaying package configuration, since apt-utils is not installed
Fetched 144 MB in 25s (5721 kB/s)
Selecting previously unselected package perl-modules-5.28.
(Reading database ... 6674 files and directories currently installed.)
Preparing to unpack .../0-perl-modules-5.28_5.28.1-6_all.deb ...
Unpacking perl-modules-5.28 (5.28.1-6) ...
Selecting previously unselected package libgdbm6:amd64.
Preparing to unpack .../1-libgdbm6_1.18.1-4_amd64.deb ...
Unpacking libgdbm6:amd64 (1.18.1-4) ...
Selecting previously unselected package libgdbm-compat4:amd64.
Preparing to unpack .../2-libgdbm-compat4_1.18.1-4_amd64.deb ...
Unpacking libgdbm-compat4:amd64 (1.18.1-4) ...
Selecting previously unselected package libperl5.28:amd64.
Preparing to unpack .../3-libperl5.28_5.28.1-6_amd64.deb ...
Unpacking libperl5.28:amd64 (5.28.1-6) ...
Selecting previously unselected package perl.
Preparing to unpack .../4-perl_5.28.1-6_amd64.deb ...
Unpacking perl (5.28.1-6) ...
Selecting previously unselected package liblocale-gettext-perl.
Preparing to unpack .../5-liblocale-gettext-perl_1.07-3+b4_amd64.deb ...
Unpacking liblocale-gettext-perl (1.07-3+b4) ...
Selecting previously unselected package libssl1.1:amd64.
Preparing to unpack .../6-libssl1.1_1.1.1d-0+deb10u2_amd64.deb ...
Unpacking libssl1.1:amd64 (1.1.1d-0+deb10u2) ...
Selecting previously unselected package libpython3.7-minimal:amd64.
Preparing to unpack .../7-libpython3.7-minimal_3.7.3-2+deb10u1_amd64.deb ...
Unpacking libpython3.7-minimal:amd64 (3.7.3-2+deb10u1) ...
Selecting previously unselected package libexpat1:amd64.
Preparing to unpack .../8-libexpat1_2.2.6-2+deb10u1_amd64.deb ...
Unpacking libexpat1:amd64 (2.2.6-2+deb10u1) ...
Selecting previously unselected package python3.7-minimal.
Preparing to unpack .../9-python3.7-minimal_3.7.3-2+deb10u1_amd64.deb ...
Unpacking python3.7-minimal (3.7.3-2+deb10u1) ...
Setting up libssl1.1:amd64 (1.1.1d-0+deb10u2) ...
debconf: unable to initialize frontend: Dialog
debconf: (TERM is not set, so the dialog frontend is not usable.)
debconf: falling back to frontend: Readline
Setting up libpython3.7-minimal:amd64 (3.7.3-2+deb10u1) ...
Setting up libexpat1:amd64 (2.2.6-2+deb10u1) ...
Setting up python3.7-minimal (3.7.3-2+deb10u1) ...
Selecting previously unselected package python3-minimal.
(Reading database ... 8896 files and directories currently installed.)
Preparing to unpack .../0-python3-minimal_3.7.3-1_amd64.deb ...
Unpacking python3-minimal (3.7.3-1) ...
Selecting previously unselected package mime-support.
Preparing to unpack .../1-mime-support_3.62_all.deb ...
Unpacking mime-support (3.62) ...
Selecting previously unselected package libmpdec2:amd64.
Preparing to unpack .../2-libmpdec2_2.4.2-2_amd64.deb ...
Unpacking libmpdec2:amd64 (2.4.2-2) ...
Selecting previously unselected package readline-common.
Preparing to unpack .../3-readline-common_7.0-5_all.deb ...
Unpacking readline-common (7.0-5) ...
Selecting previously unselected package libreadline7:amd64.
Preparing to unpack .../4-libreadline7_7.0-5_amd64.deb ...
Unpacking libreadline7:amd64 (7.0-5) ...
Selecting previously unselected package libsqlite3-0:amd64.
Preparing to unpack .../5-libsqlite3-0_3.27.2-3_amd64.deb ...
Unpacking libsqlite3-0:amd64 (3.27.2-3) ...
Selecting previously unselected package libpython3.7-stdlib:amd64.
Preparing to unpack .../6-libpython3.7-stdlib_3.7.3-2+deb10u1_amd64.deb ...
Unpacking libpython3.7-stdlib:amd64 (3.7.3-2+deb10u1) ...
Selecting previously unselected package python3.7.
Preparing to unpack .../7-python3.7_3.7.3-2+deb10u1_amd64.deb ...
Unpacking python3.7 (3.7.3-2+deb10u1) ...
Selecting previously unselected package libpython3-stdlib:amd64.
Preparing to unpack .../8-libpython3-stdlib_3.7.3-1_amd64.deb ...
Unpacking libpython3-stdlib:amd64 (3.7.3-1) ...
Setting up python3-minimal (3.7.3-1) ...
Selecting previously unselected package python3.
(Reading database ... 9365 files and directories currently installed.)
Preparing to unpack .../000-python3_3.7.3-1_amd64.deb ...
Unpacking python3 (3.7.3-1) ...
Selecting previously unselected package netbase.
Preparing to unpack .../001-netbase_5.6_all.deb ...
Unpacking netbase (5.6) ...
Selecting previously unselected package bzip2.
Preparing to unpack .../002-bzip2_1.0.6-9.2~deb10u1_amd64.deb ...
Unpacking bzip2 (1.0.6-9.2~deb10u1) ...
Selecting previously unselected package libapparmor1:amd64.
Preparing to unpack .../003-libapparmor1_2.13.2-10_amd64.deb ...
Unpacking libapparmor1:amd64 (2.13.2-10) ...
Selecting previously unselected package libdbus-1-3:amd64.
Preparing to unpack .../004-libdbus-1-3_1.12.16-1_amd64.deb ...
Unpacking libdbus-1-3:amd64 (1.12.16-1) ...
Selecting previously unselected package dbus.
Preparing to unpack .../005-dbus_1.12.16-1_amd64.deb ...
Unpacking dbus (1.12.16-1) ...
Selecting previously unselected package libmagic-mgc.
Preparing to unpack .../006-libmagic-mgc_1%3a5.35-4+deb10u1_amd64.deb ...
Unpacking libmagic-mgc (1:5.35-4+deb10u1) ...
Selecting previously unselected package libmagic1:amd64.
Preparing to unpack .../007-libmagic1_1%3a5.35-4+deb10u1_amd64.deb ...
Unpacking libmagic1:amd64 (1:5.35-4+deb10u1) ...
Selecting previously unselected package file.
Preparing to unpack .../008-file_1%3a5.35-4+deb10u1_amd64.deb ...
Unpacking file (1:5.35-4+deb10u1) ...
Selecting previously unselected package krb5-locales.
Preparing to unpack .../009-krb5-locales_1.17-3_all.deb ...
Unpacking krb5-locales (1.17-3) ...
Selecting previously unselected package manpages.
Preparing to unpack .../010-manpages_4.16-2_all.deb ...
Unpacking manpages (4.16-2) ...
Selecting previously unselected package libpcre2-8-0:amd64.
Preparing to unpack .../011-libpcre2-8-0_10.32-5_amd64.deb ...
Unpacking libpcre2-8-0:amd64 (10.32-5) ...
Selecting previously unselected package libpsl5:amd64.
Preparing to unpack .../012-libpsl5_0.20.2-2_amd64.deb ...
Unpacking libpsl5:amd64 (0.20.2-2) ...
Selecting previously unselected package wget.
Preparing to unpack .../013-wget_1.20.1-1.1_amd64.deb ...
Unpacking wget (1.20.1-1.1) ...
Selecting previously unselected package xz-utils.
Preparing to unpack .../014-xz-utils_5.2.4-1_amd64.deb ...
Unpacking xz-utils (5.2.4-1) ...
Selecting previously unselected package binutils-common:amd64.
Preparing to unpack .../015-binutils-common_2.31.1-16_amd64.deb ...
Unpacking binutils-common:amd64 (2.31.1-16) ...
Selecting previously unselected package libbinutils:amd64.
Preparing to unpack .../016-libbinutils_2.31.1-16_amd64.deb ...
Unpacking libbinutils:amd64 (2.31.1-16) ...
Selecting previously unselected package binutils-x86-64-linux-gnu.
Preparing to unpack .../017-binutils-x86-64-linux-gnu_2.31.1-16_amd64.deb ...
Unpacking binutils-x86-64-linux-gnu (2.31.1-16) ...
Selecting previously unselected package binutils.
Preparing to unpack .../018-binutils_2.31.1-16_amd64.deb ...
Unpacking binutils (2.31.1-16) ...
Selecting previously unselected package libc-dev-bin.
Preparing to unpack .../019-libc-dev-bin_2.28-10_amd64.deb ...
Unpacking libc-dev-bin (2.28-10) ...
Selecting previously unselected package linux-libc-dev:amd64.
Preparing to unpack .../020-linux-libc-dev_4.19.98-1_amd64.deb ...
Unpacking linux-libc-dev:amd64 (4.19.98-1) ...
Selecting previously unselected package libc6-dev:amd64.
Preparing to unpack .../021-libc6-dev_2.28-10_amd64.deb ...
Unpacking libc6-dev:amd64 (2.28-10) ...
Selecting previously unselected package libisl19:amd64.
Preparing to unpack .../022-libisl19_0.20-2_amd64.deb ...
Unpacking libisl19:amd64 (0.20-2) ...
Selecting previously unselected package libmpfr6:amd64.
Preparing to unpack .../023-libmpfr6_4.0.2-1_amd64.deb ...
Unpacking libmpfr6:amd64 (4.0.2-1) ...
Selecting previously unselected package libmpc3:amd64.
Preparing to unpack .../024-libmpc3_1.1.0-1_amd64.deb ...
Unpacking libmpc3:amd64 (1.1.0-1) ...
Selecting previously unselected package cpp-8.
Preparing to unpack .../025-cpp-8_8.3.0-6_amd64.deb ...
Unpacking cpp-8 (8.3.0-6) ...
Selecting previously unselected package cpp.
Preparing to unpack .../026-cpp_4%3a8.3.0-1_amd64.deb ...
Unpacking cpp (4:8.3.0-1) ...
Selecting previously unselected package libcc1-0:amd64.
Preparing to unpack .../027-libcc1-0_8.3.0-6_amd64.deb ...
Unpacking libcc1-0:amd64 (8.3.0-6) ...
Selecting previously unselected package libgomp1:amd64.
Preparing to unpack .../028-libgomp1_8.3.0-6_amd64.deb ...
Unpacking libgomp1:amd64 (8.3.0-6) ...
Selecting previously unselected package libitm1:amd64.
Preparing to unpack .../029-libitm1_8.3.0-6_amd64.deb ...
Unpacking libitm1:amd64 (8.3.0-6) ...
Selecting previously unselected package libatomic1:amd64.
Preparing to unpack .../030-libatomic1_8.3.0-6_amd64.deb ...
Unpacking libatomic1:amd64 (8.3.0-6) ...
Selecting previously unselected package libasan5:amd64.
Preparing to unpack .../031-libasan5_8.3.0-6_amd64.deb ...
Unpacking libasan5:amd64 (8.3.0-6) ...
Selecting previously unselected package liblsan0:amd64.
Preparing to unpack .../032-liblsan0_8.3.0-6_amd64.deb ...
Unpacking liblsan0:amd64 (8.3.0-6) ...
Selecting previously unselected package libtsan0:amd64.
Preparing to unpack .../033-libtsan0_8.3.0-6_amd64.deb ...
Unpacking libtsan0:amd64 (8.3.0-6) ...
Selecting previously unselected package libubsan1:amd64.
Preparing to unpack .../034-libubsan1_8.3.0-6_amd64.deb ...
Unpacking libubsan1:amd64 (8.3.0-6) ...
Selecting previously unselected package libmpx2:amd64.
Preparing to unpack .../035-libmpx2_8.3.0-6_amd64.deb ...
Unpacking libmpx2:amd64 (8.3.0-6) ...
Selecting previously unselected package libquadmath0:amd64.
Preparing to unpack .../036-libquadmath0_8.3.0-6_amd64.deb ...
Unpacking libquadmath0:amd64 (8.3.0-6) ...
Selecting previously unselected package libgcc-8-dev:amd64.
Preparing to unpack .../037-libgcc-8-dev_8.3.0-6_amd64.deb ...
Unpacking libgcc-8-dev:amd64 (8.3.0-6) ...
Selecting previously unselected package gcc-8.
Preparing to unpack .../038-gcc-8_8.3.0-6_amd64.deb ...
Unpacking gcc-8 (8.3.0-6) ...
Selecting previously unselected package gcc.
Preparing to unpack .../039-gcc_4%3a8.3.0-1_amd64.deb ...
Unpacking gcc (4:8.3.0-1) ...
Selecting previously unselected package libstdc++-8-dev:amd64.
Preparing to unpack .../040-libstdc++-8-dev_8.3.0-6_amd64.deb ...
Unpacking libstdc++-8-dev:amd64 (8.3.0-6) ...
Selecting previously unselected package g++-8.
Preparing to unpack .../041-g++-8_8.3.0-6_amd64.deb ...
Unpacking g++-8 (8.3.0-6) ...
Selecting previously unselected package g++.
Preparing to unpack .../042-g++_4%3a8.3.0-1_amd64.deb ...
Unpacking g++ (4:8.3.0-1) ...
Selecting previously unselected package make.
Preparing to unpack .../043-make_4.2.1-1.2_amd64.deb ...
Unpacking make (4.2.1-1.2) ...
Selecting previously unselected package libdpkg-perl.
Preparing to unpack .../044-libdpkg-perl_1.19.7_all.deb ...
Unpacking libdpkg-perl (1.19.7) ...
Selecting previously unselected package patch.
Preparing to unpack .../045-patch_2.7.6-3+deb10u1_amd64.deb ...
Unpacking patch (2.7.6-3+deb10u1) ...
Selecting previously unselected package dpkg-dev.
Preparing to unpack .../046-dpkg-dev_1.19.7_all.deb ...
Unpacking dpkg-dev (1.19.7) ...
Selecting previously unselected package build-essential.
Preparing to unpack .../047-build-essential_12.6_amd64.deb ...
Unpacking build-essential (12.6) ...
Selecting previously unselected package openssl.
Preparing to unpack .../048-openssl_1.1.1d-0+deb10u2_amd64.deb ...
Unpacking openssl (1.1.1d-0+deb10u2) ...
Selecting previously unselected package ca-certificates.
Preparing to unpack .../049-ca-certificates_20190110_all.deb ...
Unpacking ca-certificates (20190110) ...
Selecting previously unselected package libkeyutils1:amd64.
Preparing to unpack .../050-libkeyutils1_1.6-6_amd64.deb ...
Unpacking libkeyutils1:amd64 (1.6-6) ...
Selecting previously unselected package libkrb5support0:amd64.
Preparing to unpack .../051-libkrb5support0_1.17-3_amd64.deb ...
Unpacking libkrb5support0:amd64 (1.17-3) ...
Selecting previously unselected package libk5crypto3:amd64.
Preparing to unpack .../052-libk5crypto3_1.17-3_amd64.deb ...
Unpacking libk5crypto3:amd64 (1.17-3) ...
Selecting previously unselected package libkrb5-3:amd64.
Preparing to unpack .../053-libkrb5-3_1.17-3_amd64.deb ...
Unpacking libkrb5-3:amd64 (1.17-3) ...
Selecting previously unselected package libgssapi-krb5-2:amd64.
Preparing to unpack .../054-libgssapi-krb5-2_1.17-3_amd64.deb ...
Unpacking libgssapi-krb5-2:amd64 (1.17-3) ...
Selecting previously unselected package libsasl2-modules-db:amd64.
Preparing to unpack .../055-libsasl2-modules-db_2.1.27+dfsg-1+deb10u1_amd64.deb ...
Unpacking libsasl2-modules-db:amd64 (2.1.27+dfsg-1+deb10u1) ...
Selecting previously unselected package libsasl2-2:amd64.
Preparing to unpack .../056-libsasl2-2_2.1.27+dfsg-1+deb10u1_amd64.deb ...
Unpacking libsasl2-2:amd64 (2.1.27+dfsg-1+deb10u1) ...
Selecting previously unselected package libldap-common.
Preparing to unpack .../057-libldap-common_2.4.47+dfsg-3+deb10u1_all.deb ...
Unpacking libldap-common (2.4.47+dfsg-3+deb10u1) ...
Selecting previously unselected package libldap-2.4-2:amd64.
Preparing to unpack .../058-libldap-2.4-2_2.4.47+dfsg-3+deb10u1_amd64.deb ...
Unpacking libldap-2.4-2:amd64 (2.4.47+dfsg-3+deb10u1) ...
Selecting previously unselected package libnghttp2-14:amd64.
Preparing to unpack .../059-libnghttp2-14_1.36.0-2+deb10u1_amd64.deb ...
Unpacking libnghttp2-14:amd64 (1.36.0-2+deb10u1) ...
Selecting previously unselected package librtmp1:amd64.
Preparing to unpack .../060-librtmp1_2.4+20151223.gitfa8646d.1-2_amd64.deb ...
Unpacking librtmp1:amd64 (2.4+20151223.gitfa8646d.1-2) ...
Selecting previously unselected package libssh2-1:amd64.
Preparing to unpack .../061-libssh2-1_1.8.0-2.1_amd64.deb ...
Unpacking libssh2-1:amd64 (1.8.0-2.1) ...
Selecting previously unselected package libcurl4:amd64.
Preparing to unpack .../062-libcurl4_7.64.0-4+deb10u1_amd64.deb ...
Unpacking libcurl4:amd64 (7.64.0-4+deb10u1) ...
Selecting previously unselected package curl.
Preparing to unpack .../063-curl_7.64.0-4+deb10u1_amd64.deb ...
Unpacking curl (7.64.0-4+deb10u1) ...
Selecting previously unselected package python3-lib2to3.
Preparing to unpack .../064-python3-lib2to3_3.7.3-1_all.deb ...
Unpacking python3-lib2to3 (3.7.3-1) ...
Selecting previously unselected package python3-distutils.
Preparing to unpack .../065-python3-distutils_3.7.3-1_all.deb ...
Unpacking python3-distutils (3.7.3-1) ...
Selecting previously unselected package dh-python.
Preparing to unpack .../066-dh-python_3.20190308_all.deb ...
Unpacking dh-python (3.20190308) ...
Selecting previously unselected package libassuan0:amd64.
Preparing to unpack .../067-libassuan0_2.5.2-1_amd64.deb ...
Unpacking libassuan0:amd64 (2.5.2-1) ...
Selecting previously unselected package gpgconf.
Preparing to unpack .../068-gpgconf_2.2.12-1+deb10u1_amd64.deb ...
Unpacking gpgconf (2.2.12-1+deb10u1) ...
Selecting previously unselected package lsb-base.
Preparing to unpack .../069-lsb-base_10.2019051400_all.deb ...
Unpacking lsb-base (10.2019051400) ...
Selecting previously unselected package libksba8:amd64.
Preparing to unpack .../070-libksba8_1.3.5-2_amd64.deb ...
Unpacking libksba8:amd64 (1.3.5-2) ...
Selecting previously unselected package libnpth0:amd64.
Preparing to unpack .../071-libnpth0_1.6-1_amd64.deb ...
Unpacking libnpth0:amd64 (1.6-1) ...
Selecting previously unselected package dirmngr.
Preparing to unpack .../072-dirmngr_2.2.12-1+deb10u1_amd64.deb ...
Unpacking dirmngr (2.2.12-1+deb10u1) ...
Selecting previously unselected package libfakeroot:amd64.
Preparing to unpack .../073-libfakeroot_1.23-1_amd64.deb ...
Unpacking libfakeroot:amd64 (1.23-1) ...
Selecting previously unselected package fakeroot.
Preparing to unpack .../074-fakeroot_1.23-1_amd64.deb ...
Unpacking fakeroot (1.23-1) ...
Selecting previously unselected package libglib2.0-0:amd64.
Preparing to unpack .../075-libglib2.0-0_2.58.3-2+deb10u2_amd64.deb ...
Unpacking libglib2.0-0:amd64 (2.58.3-2+deb10u2) ...
Selecting previously unselected package libgirepository-1.0-1:amd64.
Preparing to unpack .../076-libgirepository-1.0-1_1.58.3-2_amd64.deb ...
Unpacking libgirepository-1.0-1:amd64 (1.58.3-2) ...
Selecting previously unselected package gir1.2-glib-2.0:amd64.
Preparing to unpack .../077-gir1.2-glib-2.0_1.58.3-2_amd64.deb ...
Unpacking gir1.2-glib-2.0:amd64 (1.58.3-2) ...
Selecting previously unselected package gnupg-l10n.
Preparing to unpack .../078-gnupg-l10n_2.2.12-1+deb10u1_all.deb ...
Unpacking gnupg-l10n (2.2.12-1+deb10u1) ...
Selecting previously unselected package gnupg-utils.
Preparing to unpack .../079-gnupg-utils_2.2.12-1+deb10u1_amd64.deb ...
Unpacking gnupg-utils (2.2.12-1+deb10u1) ...
Selecting previously unselected package gpg.
Preparing to unpack .../080-gpg_2.2.12-1+deb10u1_amd64.deb ...
Unpacking gpg (2.2.12-1+deb10u1) ...
Selecting previously unselected package pinentry-curses.
Preparing to unpack .../081-pinentry-curses_1.1.0-2_amd64.deb ...
Unpacking pinentry-curses (1.1.0-2) ...
Selecting previously unselected package gpg-agent.
Preparing to unpack .../082-gpg-agent_2.2.12-1+deb10u1_amd64.deb ...
Unpacking gpg-agent (2.2.12-1+deb10u1) ...
Selecting previously unselected package gpg-wks-client.
Preparing to unpack .../083-gpg-wks-client_2.2.12-1+deb10u1_amd64.deb ...
Unpacking gpg-wks-client (2.2.12-1+deb10u1) ...
Selecting previously unselected package gpg-wks-server.
Preparing to unpack .../084-gpg-wks-server_2.2.12-1+deb10u1_amd64.deb ...
Unpacking gpg-wks-server (2.2.12-1+deb10u1) ...
Selecting previously unselected package gpgsm.
Preparing to unpack .../085-gpgsm_2.2.12-1+deb10u1_amd64.deb ...
Unpacking gpgsm (2.2.12-1+deb10u1) ...
Selecting previously unselected package gnupg.
Preparing to unpack .../086-gnupg_2.2.12-1+deb10u1_all.deb ...
Unpacking gnupg (2.2.12-1+deb10u1) ...
Selecting previously unselected package libalgorithm-diff-perl.
Preparing to unpack .../087-libalgorithm-diff-perl_1.19.03-2_all.deb ...
Unpacking libalgorithm-diff-perl (1.19.03-2) ...
Selecting previously unselected package libalgorithm-diff-xs-perl.
Preparing to unpack .../088-libalgorithm-diff-xs-perl_0.04-5+b1_amd64.deb ...
Unpacking libalgorithm-diff-xs-perl (0.04-5+b1) ...
Selecting previously unselected package libalgorithm-merge-perl.
Preparing to unpack .../089-libalgorithm-merge-perl_0.08-3_all.deb ...
Unpacking libalgorithm-merge-perl (0.08-3) ...
Selecting previously unselected package libexpat1-dev:amd64.
Preparing to unpack .../090-libexpat1-dev_2.2.6-2+deb10u1_amd64.deb ...
Unpacking libexpat1-dev:amd64 (2.2.6-2+deb10u1) ...
Selecting previously unselected package libfile-fcntllock-perl.
Preparing to unpack .../091-libfile-fcntllock-perl_0.22-3+b5_amd64.deb ...
Unpacking libfile-fcntllock-perl (0.22-3+b5) ...
Selecting previously unselected package libglib2.0-data.
Preparing to unpack .../092-libglib2.0-data_2.58.3-2+deb10u2_all.deb ...
Unpacking libglib2.0-data (2.58.3-2+deb10u2) ...
Selecting previously unselected package libicu63:amd64.
Preparing to unpack .../093-libicu63_63.1-6_amd64.deb ...
Unpacking libicu63:amd64 (63.1-6) ...
Selecting previously unselected package libpython3.7:amd64.
Preparing to unpack .../094-libpython3.7_3.7.3-2+deb10u1_amd64.deb ...
Unpacking libpython3.7:amd64 (3.7.3-2+deb10u1) ...
Selecting previously unselected package libpython3.7-dev:amd64.
Preparing to unpack .../095-libpython3.7-dev_3.7.3-2+deb10u1_amd64.deb ...
Unpacking libpython3.7-dev:amd64 (3.7.3-2+deb10u1) ...
Selecting previously unselected package libpython3-dev:amd64.
Preparing to unpack .../096-libpython3-dev_3.7.3-1_amd64.deb ...
Unpacking libpython3-dev:amd64 (3.7.3-1) ...
Selecting previously unselected package libsasl2-modules:amd64.
Preparing to unpack .../097-libsasl2-modules_2.1.27+dfsg-1+deb10u1_amd64.deb ...
Unpacking libsasl2-modules:amd64 (2.1.27+dfsg-1+deb10u1) ...
Selecting previously unselected package libxml2:amd64.
Preparing to unpack .../098-libxml2_2.9.4+dfsg1-7+b3_amd64.deb ...
Unpacking libxml2:amd64 (2.9.4+dfsg1-7+b3) ...
Selecting previously unselected package manpages-dev.
Preparing to unpack .../099-manpages-dev_4.16-2_all.deb ...
Unpacking manpages-dev (4.16-2) ...
Selecting previously unselected package publicsuffix.
Preparing to unpack .../100-publicsuffix_20190415.1030-1_all.deb ...
Unpacking publicsuffix (20190415.1030-1) ...
Selecting previously unselected package python-pip-whl.
Preparing to unpack .../101-python-pip-whl_18.1-5_all.deb ...
Unpacking python-pip-whl (18.1-5) ...
Selecting previously unselected package python3-asn1crypto.
Preparing to unpack .../102-python3-asn1crypto_0.24.0-1_all.deb ...
Unpacking python3-asn1crypto (0.24.0-1) ...
Selecting previously unselected package python3-cffi-backend.
Preparing to unpack .../103-python3-cffi-backend_1.12.2-1_amd64.deb ...
Unpacking python3-cffi-backend (1.12.2-1) ...
Selecting previously unselected package python3-crypto.
Preparing to unpack .../104-python3-crypto_2.6.1-9+b1_amd64.deb ...
Unpacking python3-crypto (2.6.1-9+b1) ...
Selecting previously unselected package python3-six.
Preparing to unpack .../105-python3-six_1.12.0-1_all.deb ...
Unpacking python3-six (1.12.0-1) ...
Selecting previously unselected package python3-cryptography.
Preparing to unpack .../106-python3-cryptography_2.6.1-3+deb10u2_amd64.deb ...
Unpacking python3-cryptography (2.6.1-3+deb10u2) ...
Selecting previously unselected package python3-dbus.
Preparing to unpack .../107-python3-dbus_1.2.8-3_amd64.deb ...
Unpacking python3-dbus (1.2.8-3) ...
Selecting previously unselected package python3.7-dev.
Preparing to unpack .../108-python3.7-dev_3.7.3-2+deb10u1_amd64.deb ...
Unpacking python3.7-dev (3.7.3-2+deb10u1) ...
Selecting previously unselected package python3-dev.
Preparing to unpack .../109-python3-dev_3.7.3-1_amd64.deb ...
Unpacking python3-dev (3.7.3-1) ...
Selecting previously unselected package python3-entrypoints.
Preparing to unpack .../110-python3-entrypoints_0.3-1_all.deb ...
Unpacking python3-entrypoints (0.3-1) ...
Selecting previously unselected package python3-gi.
Preparing to unpack .../111-python3-gi_3.30.4-1_amd64.deb ...
Unpacking python3-gi (3.30.4-1) ...
Selecting previously unselected package python3-secretstorage.
Preparing to unpack .../112-python3-secretstorage_2.3.1-2_all.deb ...
Unpacking python3-secretstorage (2.3.1-2) ...
Selecting previously unselected package python3-keyring.
Preparing to unpack .../113-python3-keyring_17.1.1-1_all.deb ...
Unpacking python3-keyring (17.1.1-1) ...
Selecting previously unselected package python3-keyrings.alt.
Preparing to unpack .../114-python3-keyrings.alt_3.1.1-1_all.deb ...
Unpacking python3-keyrings.alt (3.1.1-1) ...
Selecting previously unselected package python3-pip.
Preparing to unpack .../115-python3-pip_18.1-5_all.deb ...
Unpacking python3-pip (18.1-5) ...
Selecting previously unselected package python3-pkg-resources.
Preparing to unpack .../116-python3-pkg-resources_40.8.0-1_all.deb ...
Unpacking python3-pkg-resources (40.8.0-1) ...
Selecting previously unselected package python3-setuptools.
Preparing to unpack .../117-python3-setuptools_40.8.0-1_all.deb ...
Unpacking python3-setuptools (40.8.0-1) ...
Selecting previously unselected package python3-wheel.
Preparing to unpack .../118-python3-wheel_0.32.3-2_all.deb ...
Unpacking python3-wheel (0.32.3-2) ...
Selecting previously unselected package python3-xdg.
Preparing to unpack .../119-python3-xdg_0.25-5_all.deb ...
Unpacking python3-xdg (0.25-5) ...
Selecting previously unselected package shared-mime-info.
Preparing to unpack .../120-shared-mime-info_1.10-1_amd64.deb ...
Unpacking shared-mime-info (1.10-1) ...
Selecting previously unselected package xdg-user-dirs.
Preparing to unpack .../121-xdg-user-dirs_0.17-2_amd64.deb ...
Unpacking xdg-user-dirs (0.17-2) ...
Setting up perl-modules-5.28 (5.28.1-6) ...
Setting up libksba8:amd64 (1.3.5-2) ...
Setting up lsb-base (10.2019051400) ...
Setting up libkeyutils1:amd64 (1.6-6) ...
Setting up libapparmor1:amd64 (2.13.2-10) ...
Setting up libpsl5:amd64 (0.20.2-2) ...
Setting up mime-support (3.62) ...
Setting up xdg-user-dirs (0.17-2) ...
Setting up libmagic-mgc (1:5.35-4+deb10u1) ...
Setting up libglib2.0-0:amd64 (2.58.3-2+deb10u2) ...
No schema files found: doing nothing.
Setting up manpages (4.16-2) ...
Setting up libsqlite3-0:amd64 (3.27.2-3) ...
Setting up libsasl2-modules:amd64 (2.1.27+dfsg-1+deb10u1) ...
Setting up binutils-common:amd64 (2.31.1-16) ...
Setting up libnghttp2-14:amd64 (1.36.0-2+deb10u1) ...
Setting up libmagic1:amd64 (1:5.35-4+deb10u1) ...
Setting up linux-libc-dev:amd64 (4.19.98-1) ...
Setting up libnpth0:amd64 (1.6-1) ...
Setting up krb5-locales (1.17-3) ...
Setting up file (1:5.35-4+deb10u1) ...
Setting up libassuan0:amd64 (2.5.2-1) ...
Setting up libgomp1:amd64 (8.3.0-6) ...
Setting up bzip2 (1.0.6-9.2~deb10u1) ...
Setting up libldap-common (2.4.47+dfsg-3+deb10u1) ...
Setting up libicu63:amd64 (63.1-6) ...
Setting up libfakeroot:amd64 (1.23-1) ...
Setting up libkrb5support0:amd64 (1.17-3) ...
Setting up libsasl2-modules-db:amd64 (2.1.27+dfsg-1+deb10u1) ...
Setting up fakeroot (1.23-1) ...
update-alternatives: using /usr/bin/fakeroot-sysv to provide /usr/bin/fakeroot (fakeroot) in auto mode
Setting up libasan5:amd64 (8.3.0-6) ...
Setting up libglib2.0-data (2.58.3-2+deb10u2) ...
Setting up make (4.2.1-1.2) ...
Setting up libmpfr6:amd64 (4.0.2-1) ...
Setting up gnupg-l10n (2.2.12-1+deb10u1) ...
Setting up librtmp1:amd64 (2.4+20151223.gitfa8646d.1-2) ...
Setting up libdbus-1-3:amd64 (1.12.16-1) ...
Setting up dbus (1.12.16-1) ...
invoke-rc.d: could not determine current runlevel
invoke-rc.d: policy-rc.d denied execution of start.
Setting up xz-utils (5.2.4-1) ...
update-alternatives: using /usr/bin/xz to provide /usr/bin/lzma (lzma) in auto mode
Setting up libquadmath0:amd64 (8.3.0-6) ...
Setting up libmpc3:amd64 (1.1.0-1) ...
Setting up libatomic1:amd64 (8.3.0-6) ...
Setting up patch (2.7.6-3+deb10u1) ...
Setting up libpcre2-8-0:amd64 (10.32-5) ...
Setting up libk5crypto3:amd64 (1.17-3) ...
Setting up libsasl2-2:amd64 (2.1.27+dfsg-1+deb10u1) ...
Setting up libmpx2:amd64 (8.3.0-6) ...
Setting up libubsan1:amd64 (8.3.0-6) ...
Setting up libisl19:amd64 (0.20-2) ...
Setting up libgirepository-1.0-1:amd64 (1.58.3-2) ...
Setting up libssh2-1:amd64 (1.8.0-2.1) ...
Setting up netbase (5.6) ...
Setting up libkrb5-3:amd64 (1.17-3) ...
Setting up libmpdec2:amd64 (2.4.2-2) ...
Setting up libbinutils:amd64 (2.31.1-16) ...
Setting up cpp-8 (8.3.0-6) ...
Setting up libc-dev-bin (2.28-10) ...
Setting up openssl (1.1.1d-0+deb10u2) ...
Setting up readline-common (7.0-5) ...
Setting up publicsuffix (20190415.1030-1) ...
Setting up libxml2:amd64 (2.9.4+dfsg1-7+b3) ...
Setting up libcc1-0:amd64 (8.3.0-6) ...
Setting up liblocale-gettext-perl (1.07-3+b4) ...
Setting up liblsan0:amd64 (8.3.0-6) ...
Setting up libitm1:amd64 (8.3.0-6) ...
Setting up libreadline7:amd64 (7.0-5) ...
Setting up libgdbm6:amd64 (1.18.1-4) ...
Setting up gnupg-utils (2.2.12-1+deb10u1) ...
Setting up binutils-x86-64-linux-gnu (2.31.1-16) ...
Setting up libtsan0:amd64 (8.3.0-6) ...
Setting up pinentry-curses (1.1.0-2) ...
Setting up manpages-dev (4.16-2) ...
Setting up libpython3.7-stdlib:amd64 (3.7.3-2+deb10u1) ...
Setting up wget (1.20.1-1.1) ...
Setting up libpython3.7:amd64 (3.7.3-2+deb10u1) ...
Setting up libldap-2.4-2:amd64 (2.4.47+dfsg-3+deb10u1) ...
Setting up binutils (2.31.1-16) ...
Setting up ca-certificates (20190110) ...
debconf: unable to initialize frontend: Dialog
debconf: (TERM is not set, so the dialog frontend is not usable.)
debconf: falling back to frontend: Readline
Updating certificates in /etc/ssl/certs...
128 added, 0 removed; done.
Setting up shared-mime-info (1.10-1) ...
Setting up libgssapi-krb5-2:amd64 (1.17-3) ...
Setting up libgdbm-compat4:amd64 (1.18.1-4) ...
Setting up gir1.2-glib-2.0:amd64 (1.58.3-2) ...
Setting up libgcc-8-dev:amd64 (8.3.0-6) ...
Setting up libperl5.28:amd64 (5.28.1-6) ...
Setting up cpp (4:8.3.0-1) ...
Setting up gpgconf (2.2.12-1+deb10u1) ...
Setting up libcurl4:amd64 (7.64.0-4+deb10u1) ...
Setting up libc6-dev:amd64 (2.28-10) ...
Setting up python-pip-whl (18.1-5) ...
Setting up curl (7.64.0-4+deb10u1) ...
Setting up gpg (2.2.12-1+deb10u1) ...
Setting up libpython3-stdlib:amd64 (3.7.3-1) ...
Setting up libstdc++-8-dev:amd64 (8.3.0-6) ...
Setting up python3.7 (3.7.3-2+deb10u1) ...
Setting up gcc-8 (8.3.0-6) ...
Setting up gpg-agent (2.2.12-1+deb10u1) ...
Setting up gpgsm (2.2.12-1+deb10u1) ...
Setting up python3 (3.7.3-1) ...
running python rtupdate hooks for python3.7...
running python post-rtupdate hooks for python3.7...
Setting up python3-xdg (0.25-5) ...
Setting up python3-wheel (0.32.3-2) ...
Setting up gcc (4:8.3.0-1) ...
Setting up python3-six (1.12.0-1) ...
Setting up dirmngr (2.2.12-1+deb10u1) ...
Setting up perl (5.28.1-6) ...
Setting up libexpat1-dev:amd64 (2.2.6-2+deb10u1) ...
Setting up python3-gi (3.30.4-1) ...
Setting up libdpkg-perl (1.19.7) ...
Setting up gpg-wks-server (2.2.12-1+deb10u1) ...
Setting up g++-8 (8.3.0-6) ...
Setting up python3-crypto (2.6.1-9+b1) ...
Setting up python3-lib2to3 (3.7.3-1) ...
Setting up python3-asn1crypto (0.24.0-1) ...
Setting up python3-cffi-backend (1.12.2-1) ...
Setting up python3-pkg-resources (40.8.0-1) ...
Setting up python3-entrypoints (0.3-1) ...
Setting up python3-distutils (3.7.3-1) ...
Setting up dh-python (3.20190308) ...
Setting up python3-dbus (1.2.8-3) ...
Setting up python3-setuptools (40.8.0-1) ...
Setting up gpg-wks-client (2.2.12-1+deb10u1) ...
Setting up libfile-fcntllock-perl (0.22-3+b5) ...
Setting up libalgorithm-diff-perl (1.19.03-2) ...
Setting up libpython3.7-dev:amd64 (3.7.3-2+deb10u1) ...
Setting up python3.7-dev (3.7.3-2+deb10u1) ...
Setting up dpkg-dev (1.19.7) ...
Setting up python3-cryptography (2.6.1-3+deb10u2) ...
Setting up python3-pip (18.1-5) ...
Setting up g++ (4:8.3.0-1) ...
update-alternatives: using /usr/bin/g++ to provide /usr/bin/c++ (c++) in auto mode
Setting up python3-keyrings.alt (3.1.1-1) ...
Setting up gnupg (2.2.12-1+deb10u1) ...
Setting up build-essential (12.6) ...
Setting up libalgorithm-diff-xs-perl (0.04-5+b1) ...
Setting up libalgorithm-merge-perl (0.08-3) ...
Setting up libpython3-dev:amd64 (3.7.3-1) ...
Setting up python3-secretstorage (2.3.1-2) ...
Setting up python3-dev (3.7.3-1) ...
Setting up python3-keyring (17.1.1-1) ...
Processing triggers for libc-bin (2.28-10) ...
Processing triggers for ca-certificates (20190110) ...
Updating certificates in /etc/ssl/certs...
0 added, 0 removed; done.
Running hooks in /etc/ca-certificates/update.d...
done.
Removing intermediate container 5b645e687e0b
 ---> c89dd6fa56ee
Step 9/13 : RUN pip3 install pipenv
 ---> Running in 5dd5d9262a07
Collecting pipenv
  Downloading https://files.pythonhosted.org/packages/13/b4/3ffa55f77161cff9a5220f162670f7c5eb00df52e00939e203f601b0f579/pipenv-2018.11.26-py3-none-any.whl (5.2MB)
Requirement already satisfied: setuptools>=36.2.1 in /usr/lib/python3/dist-packages (from pipenv) (40.8.0)
Collecting virtualenv-clone>=0.2.5 (from pipenv)
  Downloading https://files.pythonhosted.org/packages/ba/f8/50c2b7dbc99e05fce5e5b9d9a31f37c988c99acd4e8dedd720b7b8d4011d/virtualenv_clone-0.5.3-py2.py3-none-any.whl
Collecting virtualenv (from pipenv)
  Downloading https://files.pythonhosted.org/packages/f2/99/bb5e5610a31a004b142b874ff6bfacd9d7e218bc63a09496f576b228f983/virtualenv-20.0.10-py2.py3-none-any.whl (4.6MB)
Collecting certifi (from pipenv)
  Downloading https://files.pythonhosted.org/packages/b9/63/df50cac98ea0d5b006c55a399c3bf1db9da7b5a24de7890bc9cfd5dd9e99/certifi-2019.11.28-py2.py3-none-any.whl (156kB)
Requirement already satisfied: pip>=9.0.1 in /usr/lib/python3/dist-packages (from pipenv) (18.1)
Collecting appdirs<2,>=1.4.3 (from virtualenv->pipenv)
  Downloading https://files.pythonhosted.org/packages/56/eb/810e700ed1349edde4cbdc1b2a21e28cdf115f9faf263f6bbf8447c1abf3/appdirs-1.4.3-py2.py3-none-any.whl
Collecting distlib<1,>=0.3.0 (from virtualenv->pipenv)
  Downloading https://files.pythonhosted.org/packages/7d/29/694a3a4d7c0e1aef76092e9167fbe372e0f7da055f5dcf4e1313ec21d96a/distlib-0.3.0.zip (571kB)
Requirement already satisfied: six<2,>=1.9.0 in /usr/lib/python3/dist-packages (from virtualenv->pipenv) (1.12.0)
Collecting importlib-metadata<2,>=0.12; python_version < "3.8" (from virtualenv->pipenv)
  Downloading https://files.pythonhosted.org/packages/8b/03/a00d504808808912751e64ccf414be53c29cad620e3de2421135fcae3025/importlib_metadata-1.5.0-py2.py3-none-any.whl
Collecting filelock<4,>=3.0.0 (from virtualenv->pipenv)
  Downloading https://files.pythonhosted.org/packages/93/83/71a2ee6158bb9f39a90c0dea1637f81d5eef866e188e1971a1b1ab01a35a/filelock-3.0.12-py3-none-any.whl
Collecting zipp>=0.5 (from importlib-metadata<2,>=0.12; python_version < "3.8"->virtualenv->pipenv)
  Downloading https://files.pythonhosted.org/packages/b2/34/bfcb43cc0ba81f527bc4f40ef41ba2ff4080e047acb0586b56b3d017ace4/zipp-3.1.0-py3-none-any.whl
Building wheels for collected packages: distlib
  Running setup.py bdist_wheel for distlib: started
  Running setup.py bdist_wheel for distlib: finished with status 'done'
  Stored in directory: /root/.cache/pip/wheels/6e/e8/db/c73dae4867666e89ba3cfbc4b5c092446f0e584eda6f409cbb
Successfully built distlib
Installing collected packages: virtualenv-clone, appdirs, distlib, zipp, importlib-metadata, filelock, virtualenv, certifi, pipenv
Successfully installed appdirs-1.4.3 certifi-2019.11.28 distlib-0.3.0 filelock-3.0.12 importlib-metadata-1.5.0 pipenv-2018.11.26 virtualenv-20.0.10 virtualenv-clone-0.5.3 zipp-3.1.0
Removing intermediate container 5dd5d9262a07
 ---> d97476a8d8e0
Step 10/13 : RUN pip3 install pandas
 ---> Running in c31c33ec5926
Collecting pandas
  Downloading https://files.pythonhosted.org/packages/df/16/1d75ca33204c2b34a0a9d1fc50567c2c8997ccaa3446dcd828482f3ebc47/pandas-1.0.2-cp37-cp37m-manylinux1_x86_64.whl (10.1MB)
Collecting numpy>=1.13.3 (from pandas)
  Downloading https://files.pythonhosted.org/packages/b7/ce/d0b92f0283faa4da76ea82587ff9da70104e81f59ba14f76c87e4196254e/numpy-1.18.2-cp37-cp37m-manylinux1_x86_64.whl (20.2MB)
Collecting python-dateutil>=2.6.1 (from pandas)
  Downloading https://files.pythonhosted.org/packages/d4/70/d60450c3dd48ef87586924207ae8907090de0b306af2bce5d134d78615cb/python_dateutil-2.8.1-py2.py3-none-any.whl (227kB)
Collecting pytz>=2017.2 (from pandas)
  Downloading https://files.pythonhosted.org/packages/e7/f9/f0b53f88060247251bf481fa6ea62cd0d25bf1b11a87888e53ce5b7c8ad2/pytz-2019.3-py2.py3-none-any.whl (509kB)
Requirement already satisfied: six>=1.5 in /usr/lib/python3/dist-packages (from python-dateutil>=2.6.1->pandas) (1.12.0)
Installing collected packages: numpy, python-dateutil, pytz, pandas
Successfully installed numpy-1.18.2 pandas-1.0.2 python-dateutil-2.8.1 pytz-2019.3
Removing intermediate container c31c33ec5926
 ---> 207770905712
Step 11/13 : RUN pip3 install -i https://test.pypi.org/simple/ lambdata-pkg-danoand1
 ---> Running in ed7b31f90be0
Looking in indexes: https://test.pypi.org/simple/
Collecting lambdata-pkg-danoand1
  Downloading https://test-files.pythonhosted.org/packages/9b/9a/464ef78b55f7bce061468b28a2602ae592f3b55e5545d372f34b3372a35b/lambdata_pkg_danoand1-1.0-py3-none-any.whl
Installing collected packages: lambdata-pkg-danoand1
Successfully installed lambdata-pkg-danoand1-1.0
Removing intermediate container ed7b31f90be0
 ---> f533a12aaee3
Step 12/13 : RUN wget https://dsfiles.dananderson.dev/files/test_script.py
 ---> Running in 4705dc020258
--2020-03-18 03:12:50--  https://dsfiles.dananderson.dev/files/test_script.py
Resolving dsfiles.dananderson.dev (dsfiles.dananderson.dev)... 107.170.60.23
Connecting to dsfiles.dananderson.dev (dsfiles.dananderson.dev)|107.170.60.23|:443... connected.
HTTP request sent, awaiting response... 200 OK
Length: 582 [text/x-python]
Saving to: test_script.py

     0K                                                       100% 6.46M=0s

2020-03-18 03:12:50 (6.46 MB/s) - test_script.py saved [582/582]

Removing intermediate container 4705dc020258
 ---> 82da73d99ae0
Step 13/13 : RUN python3 test_script.py
 ---> Running in 66d9ec4a6ad2
  state  new_col_name
0    CT          True
1    CO         False
2    CA          True
3    TX          True


      my_date   month  day  month_03/18/2020_03:12:52  year
0  2010-01-01  month1    1                          1  2010
1  2010-01-02  month2    2                          1  2010
2  2010-01-03  month3    3                          1  2010
Removing intermediate container 66d9ec4a6ad2
 ---> 453e54261803
Successfully built 453e54261803
Successfully tagged lambdata_pkg_image:latest
(base) Dans-MacBook-Air:lambdata-pkg-danoand danoand$ 
